
> robot-wars-frontend@0.1.0 start
> npm run generate-config && BROWSER=none react-scripts start ^^ frontend-serve.log


> robot-wars-frontend@0.1.0 generate-config
> node scripts/generate-config.js

Configuration file generated:
  File: /Users/eework/IdeaProjects/other/robot-wars/frontend/public/config.js
  Backend URL: http://localhost:8080
  Environment: development
(node:11405) [DEP_WEBPACK_DEV_SERVER_ON_AFTER_SETUP_MIDDLEWARE] DeprecationWarning: 'onAfterSetupMiddleware' option is deprecated. Please use the 'setupMiddlewares' option.
(Use `node --trace-deprecation ...` to show where the warning was created)
(node:11405) [DEP_WEBPACK_DEV_SERVER_ON_BEFORE_SETUP_MIDDLEWARE] DeprecationWarning: 'onBeforeSetupMiddleware' option is deprecated. Please use the 'setupMiddlewares' option.
Starting the development server...

Compiled successfully!

You can now view robot-wars-frontend in the browser.

  Local:            http://localhost:3000
  On Your Network:  http://192.168.68.64:3000

Note that the development build is not optimized.
To create a production build, use npm run build.

webpack compiled successfully
No issues found.
(node:11405) [DEP0060] DeprecationWarning: The `util._extend` API is deprecated. Please use Object.assign() instead.
